2025-03-17 00:09:03,670 : INFO : Start of Prediction
2025-03-17 00:09:03,670 : INFO : run_id:2025-03-17_000903_102881988
2025-03-17 00:09:03,670 : INFO : Start of Preprocessing...
2025-03-17 00:09:03,670 : INFO : Start of feature encoding...
2025-03-17 00:09:03,675 : INFO : End of feature encoding...
2025-03-17 00:09:03,677 : INFO : Start of Droping Columns...
2025-03-17 00:09:03,679 : INFO : End of Droping Columns...
2025-03-17 00:09:03,679 : INFO : Start of finding missing values...
2025-03-17 00:09:03,680 : INFO : End of finding missing values...
2025-03-17 00:09:03,680 : INFO : Start of building final predictset...
2025-03-17 00:09:03,688 : INFO : End of building final predictset...
2025-03-17 00:09:03,689 : INFO : End of Preprocessing...
2025-03-17 00:09:03,689 : INFO : Start of Load Model
2025-03-17 00:09:03,689 : INFO : Model File KMeans loaded
2025-03-17 00:09:03,689 : INFO : End of Load Model
2025-03-17 00:09:03,698 : INFO : clusters loop started
2025-03-17 00:09:03,700 : INFO : Start of finding correct model
2025-03-17 00:09:03,701 : INFO : End of finding correct model
2025-03-17 00:09:03,701 : INFO : Start of Load Model
2025-03-17 00:09:03,701 : INFO : Model File XGBoost0 loaded
2025-03-17 00:09:03,701 : INFO : End of Load Model
2025-03-17 00:09:03,715 : INFO : Shape of Data (1, 9)
2025-03-17 00:09:03,773 : INFO : Shape of Data None
2025-03-17 00:09:03,791 : INFO : Output : [1]
2025-03-17 00:09:03,792 : INFO : End of Prediction
