2025-03-16 23:39:39,789 : INFO : Start of Training
2025-03-16 23:39:39,789 : INFO : Run_id:2025-03-16_233939_890374141
2025-03-16 23:39:39,789 : INFO : Start of Data Load, validation and transformation
2025-03-16 23:39:39,789 : INFO : Start of Archiving Old Rejected Files...
2025-03-16 23:39:39,790 : INFO : End of Archiving Old Rejected Files...
2025-03-16 23:39:39,790 : INFO : Start of Archiving Old Validated Files...
2025-03-16 23:39:39,790 : INFO : End of Archiving Old Validated Files...
2025-03-16 23:39:39,790 : INFO : Start of Archiving Old Processed Files...
2025-03-16 23:39:39,790 : INFO : End of Archiving Old Processed Files...
2025-03-16 23:39:39,790 : INFO : Start of Archiving Old Result Files...
2025-03-16 23:39:39,790 : INFO : End of Archiving Old Result Files...
2025-03-16 23:39:39,790 : INFO : Start of Reading values From Schema...
2025-03-16 23:39:39,790 : INFO : End of Reading values From Schema...
2025-03-16 23:39:39,790 : INFO : Start of Validating Column Length...
2025-03-16 23:39:39,818 : INFO : End of Validating Column Length...
2025-03-16 23:39:39,819 : INFO : Start of Validating Missing Values...
2025-03-16 23:39:39,846 : INFO : End of Validating Missing Values...
2025-03-16 23:39:39,847 : INFO : Start of Replacing Missing Values with NULL...
2025-03-16 23:39:40,029 : INFO : hr_employee_churn_data.csv: File Transformed successfully!!
2025-03-16 23:39:40,030 : INFO : End of Replacing Missing Values with NULL...
2025-03-16 23:39:40,031 : INFO : Start of Creating Table...
2025-03-16 23:39:40,032 : INFO : Opened training database successfully
2025-03-16 23:39:40,044 : INFO : CREATE TABLE training_raw_data_t column_name
2025-03-16 23:39:40,071 : INFO : ALTER TABLE training_raw_data_t ADD COLUMN
2025-03-16 23:39:40,093 : INFO : ALTER TABLE training_raw_data_t ADD COLUMN
2025-03-16 23:39:40,103 : INFO : ALTER TABLE training_raw_data_t ADD COLUMN
2025-03-16 23:39:40,113 : INFO : ALTER TABLE training_raw_data_t ADD COLUMN
2025-03-16 23:39:40,123 : INFO : ALTER TABLE training_raw_data_t ADD COLUMN
2025-03-16 23:39:40,133 : INFO : ALTER TABLE training_raw_data_t ADD COLUMN
2025-03-16 23:39:40,142 : INFO : ALTER TABLE training_raw_data_t ADD COLUMN
2025-03-16 23:39:40,154 : INFO : ALTER TABLE training_raw_data_t ADD COLUMN
2025-03-16 23:39:40,165 : INFO : ALTER TABLE training_raw_data_t ADD COLUMN
2025-03-16 23:39:40,166 : INFO : End of Creating Table...
2025-03-16 23:39:40,166 : INFO : Opened training database successfully
2025-03-16 23:39:40,166 : INFO : Start of Inserting Data into Table...
2025-03-16 23:42:48,660 : INFO : End of Inserting Data into Table...
2025-03-16 23:42:48,660 : INFO : Start of Exporting Data into CSV...
2025-03-16 23:42:48,660 : INFO : Opened training database successfully
2025-03-16 23:42:48,783 : INFO : End of Exporting Data into CSV...
2025-03-16 23:42:48,786 : INFO : Start of Moving Processed Files...
2025-03-16 23:42:48,787 : INFO : Moved the already processed file hr_employee_churn_data.csv
2025-03-16 23:42:48,787 : INFO : End of Moving Processed Files...
2025-03-16 23:42:48,787 : INFO : End of Data Load, validation and transformation
2025-03-16 23:42:48,787 : INFO : Start of Preprocessing...
2025-03-16 23:42:48,787 : INFO : Start of reading dataset...
2025-03-16 23:42:48,810 : INFO : End of reading dataset...
2025-03-16 23:42:48,811 : INFO : Start of Droping Columns...
2025-03-16 23:42:48,812 : INFO : End of Droping Columns...
2025-03-16 23:42:48,812 : INFO : Start of feature encoding...
2025-03-16 23:42:48,817 : INFO : End of feature encoding...
2025-03-16 23:42:48,818 : INFO : Start of Droping Columns...
2025-03-16 23:42:48,819 : INFO : End of Droping Columns...
2025-03-16 23:42:48,820 : INFO : Start of finding missing values...
2025-03-16 23:42:48,826 : INFO : End of finding missing values...
2025-03-16 23:42:48,826 : INFO : Start of imputing missing values...
2025-03-16 23:42:48,869 : INFO : End of imputing missing values...
2025-03-16 23:42:48,870 : INFO : Start of splitting features and label ...
2025-03-16 23:42:48,872 : INFO : End of splitting features and label ...
2025-03-16 23:42:48,872 : INFO : End of Preprocessing...
2025-03-16 23:42:48,872 : INFO : Start of elbow plotting...
2025-03-16 23:42:50,620 : INFO : The optimum number of clusters is: 3
2025-03-16 23:42:50,620 : INFO : End of elbow plotting...
2025-03-16 23:42:50,620 : INFO : Start of Create clusters...
2025-03-16 23:42:50,740 : INFO : Start of Save Models
2025-03-16 23:42:50,740 : INFO : Start of Save Models
2025-03-16 23:42:50,742 : INFO : Model File KMeans saved
2025-03-16 23:42:50,742 : INFO : Model File KMeans saved
2025-03-16 23:42:50,742 : INFO : End of Save Models
2025-03-16 23:42:50,742 : INFO : End of Save Models
2025-03-16 23:42:50,743 : INFO : succesfully created 3clusters.
2025-03-16 23:42:50,744 : INFO : End of Create clusters...
2025-03-16 23:42:50,765 : INFO : Start of finding best model...
2025-03-16 23:42:50,765 : INFO : Start of finding best params for XGBoost algo...
2025-03-16 23:48:28,607 : INFO : XGBoost best params: {'learning_rate': 0.5, 'max_depth': 20, 'n_estimators': 100}
2025-03-16 23:48:28,608 : INFO : End of finding best params for XGBoost algo...
2025-03-16 23:48:28,683 : INFO : AUC for XGBoost:0.9908852319477941
2025-03-16 23:48:28,685 : INFO : Start of finding best params for randomforest algo...
2025-03-16 23:48:50,424 : INFO : Random Forest best params: {'criterion': 'gini', 'max_depth': 3, 'max_features': 'log2', 'n_estimators': 50}
2025-03-16 23:48:50,424 : INFO : End of finding best params for randomforest algo...
2025-03-16 23:48:50,434 : INFO : AUC for XGBoost:0.9704686243911667
2025-03-16 23:48:50,434 : INFO : End of finding best model...
2025-03-16 23:48:50,434 : INFO : Start of Save Models
2025-03-16 23:48:50,434 : INFO : Start of Save Models
2025-03-16 23:48:50,437 : INFO : Model File XGBoost0 saved
2025-03-16 23:48:50,437 : INFO : Model File XGBoost0 saved
2025-03-16 23:48:50,437 : INFO : End of Save Models
2025-03-16 23:48:50,437 : INFO : End of Save Models
2025-03-16 23:48:50,442 : INFO : Start of finding best model...
2025-03-16 23:48:50,443 : INFO : Start of finding best params for XGBoost algo...
2025-03-16 23:53:44,583 : INFO : XGBoost best params: {'learning_rate': 0.5, 'max_depth': 10, 'n_estimators': 50}
2025-03-16 23:53:44,584 : INFO : End of finding best params for XGBoost algo...
2025-03-16 23:53:44,627 : INFO : AUC for XGBoost:0.989870368444768
2025-03-16 23:53:44,627 : INFO : Start of finding best params for randomforest algo...
2025-03-16 23:54:04,533 : INFO : Random Forest best params: {'criterion': 'gini', 'max_depth': 3, 'max_features': 'log2', 'n_estimators': 50}
2025-03-16 23:54:04,533 : INFO : End of finding best params for randomforest algo...
2025-03-16 23:54:04,543 : INFO : AUC for XGBoost:0.9613791549686319
2025-03-16 23:54:04,543 : INFO : End of finding best model...
2025-03-16 23:54:04,544 : INFO : Start of Save Models
2025-03-16 23:54:04,544 : INFO : Start of Save Models
2025-03-16 23:54:04,546 : INFO : Model File XGBoost1 saved
2025-03-16 23:54:04,546 : INFO : Model File XGBoost1 saved
2025-03-16 23:54:04,547 : INFO : End of Save Models
2025-03-16 23:54:04,547 : INFO : End of Save Models
2025-03-16 23:54:04,553 : INFO : Start of finding best model...
2025-03-16 23:54:04,553 : INFO : Start of finding best params for XGBoost algo...
2025-03-17 00:00:47,250 : INFO : XGBoost best params: {'learning_rate': 0.1, 'max_depth': 10, 'n_estimators': 200}
2025-03-17 00:00:47,252 : INFO : End of finding best params for XGBoost algo...
2025-03-17 00:00:47,291 : INFO : AUC for XGBoost:0.965684145998825
2025-03-17 00:00:47,291 : INFO : Start of finding best params for randomforest algo...
2025-03-17 00:01:07,795 : INFO : Random Forest best params: {'criterion': 'entropy', 'max_depth': 3, 'max_features': 'log2', 'n_estimators': 50}
2025-03-17 00:01:07,795 : INFO : End of finding best params for randomforest algo...
2025-03-17 00:01:07,805 : INFO : AUC for XGBoost:0.8285867538504763
2025-03-17 00:01:07,805 : INFO : End of finding best model...
2025-03-17 00:01:07,806 : INFO : Start of Save Models
2025-03-17 00:01:07,806 : INFO : Start of Save Models
2025-03-17 00:01:07,810 : INFO : Model File XGBoost2 saved
2025-03-17 00:01:07,810 : INFO : Model File XGBoost2 saved
2025-03-17 00:01:07,810 : INFO : End of Save Models
2025-03-17 00:01:07,810 : INFO : End of Save Models
2025-03-17 00:01:07,810 : INFO : End of Training
